<?xml version="1.0" encoding="UTF-8"?>
<!-- Generated by org.testng.reporters.JUnitReportReporter -->
<testsuite skipped="0" hostname="LAPTOP-PPEIE3H2" name="vogue_SmokeTest.Vogue_MainClass" tests="3" failures="0" timestamp="30 Nov 2018 12:33:53 GMT" time="44.900" errors="0">
  <testcase name="OpenVogueSite" time="6.068" classname="vogue_SmokeTest.Vogue_MainClass"/>
  <testcase name="Test_login" time="18.066" classname="vogue_SmokeTest.Vogue_MainClass"/>
  <testcase name="Test_ArticlePage" time="20.766" classname="vogue_SmokeTest.Vogue_MainClass"/>
</testsuite> <!-- vogue_SmokeTest.Vogue_MainClass -->
